

Microchip Technology PIC LITE Macro Assembler V1.30 build 55553 
                                                                                               Tue Feb 11 20:56:33 2014

Microchip Technology Omniscient Code Generator (Lite mode) build 55553
     1                           	processor	16F73
     2                           	opt	pw 120
     3                           	opt	lm
     4                           	psect	text0,local,class=CODE,merge=1,delta=2
     5                           	psect	cinit,global,class=CODE,merge=1,delta=2
     6                           	psect	cstackCOMMON,global,class=COMMON,space=1,delta=1
     7                           	psect	cstackBANK0,global,class=BANK0,space=1,delta=1
     8                           	psect	maintext,global,class=CODE,split=1,delta=2
     9                           	psect	text1,local,class=CODE,merge=1,delta=2
    10                           	dabs	1,0x7E,2
    11  0000                     	;# 
    12  0001                     	;# 
    13  0002                     	;# 
    14  0003                     	;# 
    15  0004                     	;# 
    16  0005                     	;# 
    17  0006                     	;# 
    18  0007                     	;# 
    19  000A                     	;# 
    20  000B                     	;# 
    21  000C                     	;# 
    22  000D                     	;# 
    23  000E                     	;# 
    24  000E                     	;# 
    25  000F                     	;# 
    26  0010                     	;# 
    27  0011                     	;# 
    28  0012                     	;# 
    29  0013                     	;# 
    30  0014                     	;# 
    31  0015                     	;# 
    32  0015                     	;# 
    33  0016                     	;# 
    34  0017                     	;# 
    35  0018                     	;# 
    36  0019                     	;# 
    37  001A                     	;# 
    38  001B                     	;# 
    39  001B                     	;# 
    40  001C                     	;# 
    41  001D                     	;# 
    42  001E                     	;# 
    43  001F                     	;# 
    44  0081                     	;# 
    45  0085                     	;# 
    46  0086                     	;# 
    47  0087                     	;# 
    48  008C                     	;# 
    49  008D                     	;# 
    50  008E                     	;# 
    51  0092                     	;# 
    52  0093                     	;# 
    53  0094                     	;# 
    54  0098                     	;# 
    55  0099                     	;# 
    56  009F                     	;# 
    57  010C                     	;# 
    58  010D                     	;# 
    59  010E                     	;# 
    60  010F                     	;# 
    61  018C                     	;# 
    62  0006                     _PORTBbits	set	6
    63  0086                     _TRISBbits	set	134
    64                           
    65                           	psect	text0
    66  0000                     __ptext0:	
    67                           ; #config settings
    68                           
    69                           
    70                           ;psect for function _delay
    71  0000                     
    72                           	psect	cinit
    73  07FD                     start_initialization:	
    74  07FD                     __initialization:	
    75  07FD                     end_of_initialization:	
    76                           ;End of C runtime variable initialization code
    77                           
    78  07FD                     __end_of__initialization:	
    79  07FD  0183               	clrf	3
    80  07FE  118A  2FC7         	ljmp	_main	;jump to C main() function
    81                           
    82                           	psect	cstackCOMMON
    83  0000                     __pcstackCOMMON:	
    84  0000                     ??_delay:	
    85  0000                     ??_main:	
    86                           ; 0 bytes @ 0x0
    87                           
    88                           
    89                           	psect	cstackBANK0
    90  0020                     __pcstackBANK0:	
    91                           ; 0 bytes @ 0x0
    92                           
    93  0020                     ?_delay:	
    94  0020                     ?_main:	
    95                           ; 0 bytes @ 0x0
    96                           
    97  0020                     delay@d:	
    98                           ; 2 bytes @ 0x0
    99                           
   100                           
   101                           ; 2 bytes @ 0x0
   102  0020                     	ds	2
   103  0022                     delay@i:	
   104                           
   105                           ; 2 bytes @ 0x2
   106  0022                     	ds	2
   107                           
   108                           	psect	maintext
   109  07C7                     __pmaintext:	
   110 ;;
   111 ;;Main: autosize = 0, tempsize = 0, incstack = 0, save=0
   112 ;;
   113 ;; *************** function _main *****************
   114 ;; Defined at:
   115 ;;		line 18 in file "main.c"
   116 ;; Parameters:    Size  Location     Type
   117 ;;		None
   118 ;; Auto vars:     Size  Location     Type
   119 ;;		None
   120 ;; Return value:  Size  Location     Type
   121 ;;                  2    8[BANK0 ] int 
   122 ;; Registers used:
   123 ;;		wreg, status,2, status,0, pclath, cstack
   124 ;; Tracked objects:
   125 ;;		On entry : 17F/0
   126 ;;		On exit  : 0/0
   127 ;;		Unchanged: 0/0
   128 ;; Data sizes:     COMMON   BANK0   BANK1
   129 ;;      Params:         0       0       0
   130 ;;      Locals:         0       0       0
   131 ;;      Temps:          0       0       0
   132 ;;      Totals:         0       0       0
   133 ;;Total ram usage:        0 bytes
   134 ;; Hardware stack levels required when called:    1
   135 ;; This function calls:
   136 ;;		_delay
   137 ;; This function is called by:
   138 ;;		Startup code after reset
   139 ;; This function uses a non-reentrant model
   140 ;;
   141                           
   142                           
   143                           ;psect for function _main
   144  07C7                     _main:	
   145                           
   146                           ;main.c: 20: TRISBbits.TRISB4 = 0;
   147                           
   148                           ;incstack = 0
   149                           ; Regs used in _main: [wreg+status,2+status,0+pclath+cstack]
   150  07C7  1683               	bsf	3,5	;RP0=1, select bank1
   151  07C8  1303               	bcf	3,6	;RP1=0, select bank1
   152  07C9  1206               	bcf	6,4	;volatile
   153  07CA                     l9:	
   154                           ;main.c: 22: while (1){
   155                           
   156                           
   157                           ;main.c: 23: PORTBbits.RB4 = 1;
   158  07CA  1283               	bcf	3,5	;RP0=0, select bank0
   159  07CB  1303               	bcf	3,6	;RP1=0, select bank0
   160  07CC  1606               	bsf	6,4	;volatile
   161                           
   162                           ;main.c: 25: delay(100);
   163  07CD  3064               	movlw	100
   164  07CE  00A0               	movwf	delay@d
   165  07CF  3000               	movlw	0
   166  07D0  00A1               	movwf	delay@d+1
   167  07D1  118A  27DF  118A   	fcall	_delay
   168                           
   169                           ;main.c: 26: PORTBbits.RB4 = 0;
   170  07D4  1283               	bcf	3,5	;RP0=0, select bank0
   171  07D5  1303               	bcf	3,6	;RP1=0, select bank0
   172  07D6  1206               	bcf	6,4	;volatile
   173                           
   174                           ;main.c: 28: delay(100);
   175  07D7  3064               	movlw	100
   176  07D8  00A0               	movwf	delay@d
   177  07D9  3000               	movlw	0
   178  07DA  00A1               	movwf	delay@d+1
   179  07DB  118A  27DF  118A   	fcall	_delay
   180  07DE  2FCA               	goto	l9
   181  07DF                     __end_of_main:	
   182                           ;main.c: 29: }
   183                           ;main.c: 30: return 0;
   184                           ;	Return value of _main is never used
   185                           
   186                           
   187                           	psect	text1
   188  07DF                     __ptext1:	
   189 ;; *************** function _delay *****************
   190 ;; Defined at:
   191 ;;		line 33 in file "main.c"
   192 ;; Parameters:    Size  Location     Type
   193 ;;  d               2    0[BANK0 ] int 
   194 ;; Auto vars:     Size  Location     Type
   195 ;;  i               2    2[BANK0 ] int 
   196 ;; Return value:  Size  Location     Type
   197 ;;		None               void
   198 ;; Registers used:
   199 ;;		wreg, status,2, status,0
   200 ;; Tracked objects:
   201 ;;		On entry : 0/0
   202 ;;		On exit  : 0/0
   203 ;;		Unchanged: 0/0
   204 ;; Data sizes:     COMMON   BANK0   BANK1
   205 ;;      Params:         0       2       0
   206 ;;      Locals:         0       2       0
   207 ;;      Temps:          0       0       0
   208 ;;      Totals:         0       4       0
   209 ;;Total ram usage:        4 bytes
   210 ;; Hardware stack levels used:    1
   211 ;; This function calls:
   212 ;;		Nothing
   213 ;; This function is called by:
   214 ;;		_main
   215 ;; This function uses a non-reentrant model
   216 ;;
   217                           
   218                           
   219                           ;psect for function _delay
   220  07DF                     _delay:	
   221  07DF                     l422:	
   222                           ;main.c: 35: int i;
   223                           ;main.c: 37: while(d)
   224                           
   225                           ;incstack = 0
   226                           ; Regs used in _delay: [wreg+status,2+status,0]
   227                           
   228  07DF  1283               	bcf	3,5	;RP0=0, select bank0
   229  07E0  1303               	bcf	3,6	;RP1=0, select bank0
   230  07E1  0821               	movf	delay@d+1,w
   231  07E2  0420               	iorwf	delay@d,w
   232  07E3  1903               	btfsc	3,2
   233  07E4  0008               	return
   234                           
   235                           ;main.c: 38: {
   236                           ;main.c: 39: i = 100;
   237  07E5  3064               	movlw	100
   238  07E6  1283               	bcf	3,5	;RP0=0, select bank0
   239  07E7  1303               	bcf	3,6	;RP1=0, select bank0
   240  07E8  00A2               	movwf	delay@i
   241  07E9  3000               	movlw	0
   242  07EA  00A3               	movwf	delay@i+1
   243  07EB                     l418:	
   244                           ;main.c: 40: while(i)
   245                           
   246  07EB  0823               	movf	delay@i+1,w
   247  07EC  0422               	iorwf	delay@i,w
   248  07ED  1903               	btfsc	3,2
   249  07EE  2FF6               	goto	l420
   250                           
   251                           ;main.c: 41: {
   252                           ;main.c: 42: i--;
   253  07EF  30FF               	movlw	255
   254  07F0  07A2               	addwf	delay@i,f
   255  07F1  1803               	skipnc
   256  07F2  0AA3               	incf	delay@i+1,f
   257  07F3  30FF               	movlw	255
   258  07F4  07A3               	addwf	delay@i+1,f
   259  07F5  2FEB               	goto	l418
   260  07F6                     l420:	
   261                           
   262                           ;main.c: 43: }
   263                           ;main.c: 45: d--;
   264  07F6  30FF               	movlw	255
   265  07F7  07A0               	addwf	delay@d,f
   266  07F8  1803               	skipnc
   267  07F9  0AA1               	incf	delay@d+1,f
   268  07FA  30FF               	movlw	255
   269  07FB  07A1               	addwf	delay@d+1,f
   270  07FC  2FDF               	goto	l422
   271  07FD                     __end_of_delay:	
   272  007E                     btemp	set	126	;btemp
   273  007E                     wtemp	set	126
   274  007E                     wtemp0	set	126
   275  0080                     wtemp1	set	128
   276  0082                     wtemp2	set	130
   277  0084                     wtemp3	set	132
   278  0086                     wtemp4	set	134
   279  0088                     wtemp5	set	136
   280  007F                     wtemp6	set	127
   281  007E                     ttemp	set	126
   282  007E                     ttemp0	set	126
   283  0081                     ttemp1	set	129
   284  0084                     ttemp2	set	132
   285  0087                     ttemp3	set	135
   286  007F                     ttemp4	set	127
   287  007E                     ltemp	set	126
   288  007E                     ltemp0	set	126
   289  0082                     ltemp1	set	130
   290  0086                     ltemp2	set	134
   291  0080                     ltemp3	set	128


Data Sizes:
    Strings     0
    Constant    0
    Data        0
    BSS         0
    Persistent  0
    Stack       0

Auto Spaces:
    Space          Size  Autos    Used
    COMMON            0      0       0
    BANK0            94      4       4
    BANK1            94      0       0

Pointer List with Targets:

    None.

Critical Paths under _main in COMMON

    None.

Critical Paths under _main in BANK0

    _main->_delay

Critical Paths under _main in BANK1

    None.

Call Graph Tables:

 ---------------------------------------------------------------------------------
 (Depth) Function   	        Calls       Base Space   Used Autos Params    Refs
 ---------------------------------------------------------------------------------
 (0) _main                                                 0     0      0     133
                              _delay
 ---------------------------------------------------------------------------------
 (1) _delay                                                4     2      2     133
                                              0 BANK0      4     2      2
 ---------------------------------------------------------------------------------
 Estimated maximum stack depth 1
 ---------------------------------------------------------------------------------

 Call Graph Graphs:

 _main (ROOT)
   _delay

 Address spaces:
Name               Size   Autos  Total    Cost      Usage
BITCOMMON            0      0       0       0        0.0%
NULL                 0      0       0       0        0.0%
CODE                 0      0       0       0        0.0%
BITSFR0              0      0       0       1        0.0%
SFR0                 0      0       0       1        0.0%
COMMON               0      0       0       1        0.0%
BITSFR1              0      0       0       2        0.0%
SFR1                 0      0       0       2        0.0%
STACK                0      0       0       2        0.0%
ABS                  0      0       0       3        0.0%
BITBANK0            5E      0       0       4        0.0%
BITSFR3              0      0       0       4        0.0%
SFR3                 0      0       0       4        0.0%
BANK0               5E      4       4       5        4.3%
BITSFR2              0      0       0       5        0.0%
SFR2                 0      0       0       5        0.0%
BITBANK1            5E      0       0       6        0.0%
BANK1               5E      0       0       7        0.0%
DATA                 0      0       0       8        0.0%


Microchip Technology PIC Macro Assembler V1.30 build 55553 
Symbol Table                                                                                   Tue Feb 11 20:56:33 2014

                      l9 07CA              __CFG_CP$OFF 0000                      l420 07F6  
                    l422 07DF                      l418 07EB             __CFG_FOSC$HS 0000  
                   _main 07C7                     btemp 007E            __CFG_BOREN$ON 0000  
                   ltemp 007E                     start 0000                     ttemp 007E  
                   wtemp 007E                    ?_main 0020            __CFG_WDTE$OFF 0000  
                  _delay 07DF                    ltemp0 007E                    ltemp1 0082  
                  ltemp2 0086                    ltemp3 0080                    ttemp0 007E  
                  ttemp1 0081                    ttemp2 0084                    ttemp3 0087  
                  ttemp4 007F                    status 0003                    wtemp0 007E  
                  wtemp1 0080                    wtemp2 0082                    wtemp3 0084  
                  wtemp4 0086                    wtemp5 0088                    wtemp6 007F  
        __initialization 07FD             __end_of_main 07DF                   ??_main 0000  
                 ?_delay 0020           __CFG_PWRTE$OFF 0000                   delay@d 0020  
                 delay@i 0022  __end_of__initialization 07FD           __pcstackCOMMON 0000  
          __end_of_delay 07FD                  ??_delay 0000               __pmaintext 07C7  
                __ptext0 0000                  __ptext1 07DF     end_of_initialization 07FD  
              _PORTBbits 0006                _TRISBbits 0086      start_initialization 07FD  
              ___latbits 0001            __pcstackBANK0 0020           __size_of_delay 001E  
          __size_of_main 0018  
